[01Dec2024 00:00:11.089] [Server thread/INFO] [net.minecraft.server.network.ServerLoginPacketListenerImpl/]: com.mojang.authlib.GameProfile@5d0dbe32[id=<null>,name=rodri_oficial,properties={},legacy=false] (/127.126.213.53:40049) lost connection: Disconnected
[01Dec2024 00:00:53.732] [Server thread/INFO] [net.minecraft.server.network.ServerLoginPacketListenerImpl/]: com.mojang.authlib.GameProfile@10e63427[id=<null>,name=rodri_oficial,properties={},legacy=false] (/127.126.213.53:40825) lost connection: Disconnected
[01Dec2024 00:01:41.627] [Server thread/INFO] [net.minecraft.server.network.ServerLoginPacketListenerImpl/]: com.mojang.authlib.GameProfile@2db072a2[id=<null>,name=rodri_oficial,properties={},legacy=false] (/127.126.213.53:43911) lost connection: Disconnected
[01Dec2024 00:01:43.040] [Server thread/INFO] [net.minecraft.server.network.ServerLoginPacketListenerImpl/]: com.mojang.authlib.GameProfile@aa78ab0[id=<null>,name=rodri_oficial,properties={},legacy=false] (/127.126.213.53:57727) lost connection: Disconnected
[01Dec2024 00:01:58.102] [Server thread/INFO] [net.minecraft.server.network.ServerLoginPacketListenerImpl/]: com.mojang.authlib.GameProfile@74ac6279[id=<null>,name=rodri_oficial,properties={},legacy=false] (/127.126.213.53:40573) lost connection: Disconnected
[01Dec2024 00:02:29.332] [Worker-Main-10/ERROR] [net.minecraft.world.entity.decoration.HangingEntity/]: Hanging entity at invalid position: BlockPos{x=8, y=-59, z=79}
[01Dec2024 00:02:29.335] [Worker-Main-10/ERROR] [net.minecraft.world.entity.decoration.HangingEntity/]: Hanging entity at invalid position: BlockPos{x=8, y=-59, z=83}
[01Dec2024 00:02:29.335] [Worker-Main-10/ERROR] [net.minecraft.world.entity.decoration.HangingEntity/]: Hanging entity at invalid position: BlockPos{x=8, y=-59, z=87}
[01Dec2024 00:02:29.336] [Worker-Main-10/ERROR] [net.minecraft.world.entity.decoration.HangingEntity/]: Hanging entity at invalid position: BlockPos{x=8, y=-59, z=91}
[01Dec2024 00:02:38.483] [Worker-Main-1/ERROR] [net.minecraft.world.entity.decoration.HangingEntity/]: Hanging entity at invalid position: BlockPos{x=8, y=-59, z=95}
[01Dec2024 00:02:38.486] [Worker-Main-1/ERROR] [net.minecraft.world.entity.decoration.HangingEntity/]: Hanging entity at invalid position: BlockPos{x=8, y=-59, z=99}
[01Dec2024 00:02:38.486] [Worker-Main-1/ERROR] [net.minecraft.world.entity.decoration.HangingEntity/]: Hanging entity at invalid position: BlockPos{x=8, y=-59, z=103}
[01Dec2024 00:02:38.487] [Worker-Main-1/ERROR] [net.minecraft.world.entity.decoration.HangingEntity/]: Hanging entity at invalid position: BlockPos{x=8, y=-59, z=107}
[01Dec2024 00:03:07.978] [Server thread/INFO] [net.minecraft.server.network.ServerGamePacketListenerImpl/]: Dinocrack_Gamer lost connection: Disconnected
[01Dec2024 00:03:07.980] [Server thread/INFO] [net.minecraft.server.MinecraftServer/]: Dinocrack_Gamer left the game
[01Dec2024 00:03:14.474] [Server thread/INFO] [net.minecraft.server.MinecraftServer/]: [Not Secure] [Server] hola pto
[01Dec2024 00:03:31.650] [Server thread/INFO] [net.minecraft.server.MinecraftServer/]: [Not Secure] [Server] pense que yo te habia olvidado
[01Dec2024 00:03:36.640] [Server thread/WARN] [net.minecraft.server.level.ServerLevel/]: Tried to add entity the_anomaly:anomaly_visitor_2 but it was marked as removed already
[01Dec2024 00:03:37.318] [Server thread/INFO] [net.minecraft.server.MinecraftServer/]: [Not Secure] [Server] turu tuuuu
[01Dec2024 00:03:43.024] [Server thread/INFO] [net.minecraft.server.MinecraftServer/]: [Not Secure] [Server] pero pusieron la cancion
[01Dec2024 00:03:46.590] [Server thread/INFO] [net.minecraft.server.MinecraftServer/]: [Not Secure] [Server] tutururu
[01Dec2024 00:03:54.685] [Server thread/INFO] [net.minecraft.server.MinecraftServer/]: [Not Secure] [Server] que vailamos bien borrachos
[01Dec2024 00:04:01.036] [Server thread/INFO] [net.minecraft.server.MinecraftServer/]: [Not Secure] [Server] nos besamos bien borrachos
[01Dec2024 00:04:01.674] [Server thread/INFO] [net.minecraft.server.MinecraftServer/]: Santiago27o3 has reached the goal [Postmortal]
[01Dec2024 00:04:09.698] [Server thread/INFO] [net.minecraft.server.MinecraftServer/]: Santiago27o3 drowned
[01Dec2024 00:08:25.246] [Server thread/WARN] [net.minecraft.server.level.ServerLevel/]: Tried to add entity the_anomaly:anomaly_visitor but it was marked as removed already
[01Dec2024 00:09:06.145] [Server thread/WARN] [net.minecraft.server.level.ServerLevel/]: Tried to add entity the_anomaly:anomaly_visitor but it was marked as removed already
[01Dec2024 00:09:32.045] [Server thread/WARN] [net.minecraft.server.level.ServerLevel/]: Tried to add entity the_anomaly:anomaly_escape but it was marked as removed already
[01Dec2024 00:09:42.695] [Server thread/WARN] [net.minecraft.server.level.ServerLevel/]: Tried to add entity the_anomaly:anomaly_visitor_2 but it was marked as removed already
[01Dec2024 00:10:08.044] [Server thread/WARN] [net.minecraft.server.level.ServerLevel/]: Tried to add entity the_anomaly:anomaly_visitor_2 but it was marked as removed already
[01Dec2024 00:10:11.645] [Server thread/WARN] [net.minecraft.server.level.ServerLevel/]: Tried to add entity the_anomaly:anomaly_visitor but it was marked as removed already
[01Dec2024 00:10:11.646] [Server thread/WARN] [net.minecraft.server.level.ServerLevel/]: Tried to add entity the_anomaly:anomaly_trap but it was marked as removed already
[01Dec2024 00:10:11.796] [Server thread/WARN] [net.minecraft.server.level.ServerLevel/]: Tried to add entity the_anomaly:anomaly_visitor but it was marked as removed already
[01Dec2024 00:10:11.796] [Server thread/WARN] [net.minecraft.server.level.ServerLevel/]: Tried to add entity the_anomaly:anomaly_escape but it was marked as removed already
[01Dec2024 00:10:19.944] [Server thread/WARN] [net.minecraft.server.level.ServerLevel/]: Tried to add entity the_anomaly:anomaly_visitor but it was marked as removed already
[01Dec2024 00:10:33.397] [Server thread/WARN] [net.minecraft.server.level.ServerLevel/]: Tried to add entity the_anomaly:anomaly_viewer but it was marked as removed already
[01Dec2024 00:10:36.400] [Server thread/WARN] [net.minecraft.server.level.ServerLevel/]: Tried to add entity the_anomaly:anomaly_viewer but it was marked as removed already
[01Dec2024 00:11:31.032] [Server thread/INFO] [net.minecraft.server.MinecraftServer/]: fuckandrus was slain by Santiago27o3
[01Dec2024 00:11:57.171] [Server thread/INFO] [net.minecraft.server.network.ServerGamePacketListenerImpl/]: fuckandrus lost connection: Disconnected
[01Dec2024 00:11:57.172] [Server thread/INFO] [net.minecraft.server.MinecraftServer/]: fuckandrus left the game
[01Dec2024 00:11:59.250] [Server thread/INFO] [net.minecraft.server.network.ServerGamePacketListenerImpl/]: Santiago27o3 lost connection: Disconnected
[01Dec2024 00:11:59.250] [Server thread/INFO] [net.minecraft.server.MinecraftServer/]: Santiago27o3 left the game
[01Dec2024 01:08:38.545] [Server thread/INFO] [net.minecraft.server.MinecraftServer/]: Saving the game (this may take a moment!)
[01Dec2024 01:08:38.616] [Server thread/INFO] [net.minecraft.server.MinecraftServer/]: Saved the game
[01Dec2024 01:08:42.648] [Server thread/INFO] [net.minecraft.server.MinecraftServer/]: Stopping the server
[01Dec2024 01:08:42.694] [Server thread/INFO] [net.minecraft.server.MinecraftServer/]: Stopping server
[01Dec2024 01:08:42.695] [Server thread/INFO] [net.minecraft.server.MinecraftServer/]: Saving players
[01Dec2024 01:08:42.695] [Server thread/INFO] [net.minecraft.server.MinecraftServer/]: Saving worlds
[01Dec2024 01:08:43.392] [Server thread/INFO] [net.minecraft.server.MinecraftServer/]: Saving chunks for level 'ServerLevel[world]'/minecraft:overworld
[01Dec2024 01:08:43.643] [Server thread/INFO] [net.minecraft.server.MinecraftServer/]: Saving chunks for level 'ServerLevel[world]'/minecraft:the_end
[01Dec2024 01:08:43.645] [Server thread/INFO] [net.minecraft.server.MinecraftServer/]: Saving chunks for level 'ServerLevel[world]'/arphex:the_crawling
[01Dec2024 01:08:43.646] [Server thread/INFO] [net.minecraft.server.MinecraftServer/]: Saving chunks for level 'ServerLevel[world]'/ihfr:the_carnage
[01Dec2024 01:08:43.646] [Server thread/INFO] [net.minecraft.server.MinecraftServer/]: Saving chunks for level 'ServerLevel[world]'/minecraft:the_nether
[01Dec2024 01:08:43.690] [Server thread/INFO] [net.minecraft.server.MinecraftServer/]: ThreadedAnvilChunkStorage (world): All chunks are saved
[01Dec2024 01:08:43.690] [Server thread/INFO] [net.minecraft.server.MinecraftServer/]: ThreadedAnvilChunkStorage (DIM1): All chunks are saved
[01Dec2024 01:08:43.690] [Server thread/INFO] [net.minecraft.server.MinecraftServer/]: ThreadedAnvilChunkStorage (the_crawling): All chunks are saved
[01Dec2024 01:08:43.691] [Server thread/INFO] [net.minecraft.server.MinecraftServer/]: ThreadedAnvilChunkStorage (the_carnage): All chunks are saved
[01Dec2024 01:08:43.692] [Server thread/INFO] [net.minecraft.server.MinecraftServer/]: ThreadedAnvilChunkStorage (DIM-1): All chunks are saved
[01Dec2024 01:08:43.692] [Server thread/INFO] [net.minecraft.server.MinecraftServer/]: ThreadedAnvilChunkStorage: All dimensions are saved
